<?xml version="1.0"?>
<!--Phoronix Test Suite v7.4.0-->
<PhoronixTestSuite>
  <TestInformation>
    <Title>SPDK Perf</Title>
    <AppVersion>17.07.1</AppVersion>
    <Description>A very low overhead benchmark designed to test capabilities of underlying storage device using SPDK NVMe polled mode driver.</Description>
    <Proportion>HIB</Proportion>
    <TimesToRun>1</TimesToRun>
  </TestInformation>
  <TestProfile>
    <Version>1.0.0</Version>
    <SupportedPlatforms>Linux</SupportedPlatforms>
    <SoftwareType>Benchmark</SoftwareType>
    <TestType>Disk</TestType>
    <License>Free</License>
    <Status>Verified</Status>
    <ExternalDependencies>git</ExternalDependencies>
    <EnvironmentSize>182</EnvironmentSize>
    <ProjectURL>http://www.spdk.io/</ProjectURL>
    <InternalTags>SMP</InternalTags>
    <Maintainer>Jianshen Liu</Maintainer>
  </TestProfile>
  <TestSettings>
    <Default>
      <AllowCacheShare>TRUE</AllowCacheShare>
    </Default>
    <Option>
      <DisplayName>Test / Class</DisplayName>
      <Identifier>run-test</Identifier>
      <Menu>
        <Entry>
          <Name>IOPS</Name>
          <Value>IOPS</Value>
        </Entry>
        <Entry>
          <Name>Throughput</Name>
          <Value>THROUGHPUT</Value>
        </Entry>
      </Menu>
    </Option>
    <Option>
      <DisplayName>IO Depth</DisplayName>
      <Identifier>io-depth</Identifier>
      <ArgumentPrefix>-q </ArgumentPrefix>
      <DefaultEntry>0</DefaultEntry>
      <Menu>
        <Entry>
          <Name>32</Name>
          <Value>32</Value>
        </Entry>
        <Entry>
          <Name>128</Name>
          <Value>128</Value>
        </Entry>
        <Entry>
          <Name>512</Name>
          <Value>512</Value>
        </Entry>
        <Entry>
          <Name>2048</Name>
          <Value>2048</Value>
        </Entry>
      </Menu>
    </Option>
    <Option>
      <DisplayName>IO Pattern Type</DisplayName>
      <Identifier>io-pattern-type</Identifier>
      <ArgumentPrefix>-w </ArgumentPrefix>
      <DefaultEntry>0</DefaultEntry>
      <Menu>
        <Entry>
          <Name>read</Name>
          <Value>read</Value>
        </Entry>
        <Entry>
          <Name>write</Name>
          <Value>write</Value>
        </Entry>
        <Entry>
          <Name>randread</Name>
          <Value>randread</Value>
        </Entry>
        <Entry>
          <Name>randwrite</Name>
          <Value>randwrite</Value>
        </Entry>
        <Entry>
          <Name>rw</Name>
          <Value>rw -M 50</Value>
        </Entry>
        <Entry>
          <Name>randrw</Name>
          <Value>randrw -M 50</Value>
        </Entry>
      </Menu>
    </Option>
    <Option>
      <DisplayName>Core Mask for I/O Submission/Completion</DisplayName>
      <Identifier>core-mask-for-io</Identifier>
      <ArgumentPrefix>-c </ArgumentPrefix>
      <DefaultEntry>0</DefaultEntry>
      <Menu>
        <Entry>
          <Name>Core 0</Name>
          <Value>0x1</Value>
        </Entry>
        <Entry>
          <Name>Core 0-1</Name>
          <Value>0x3</Value>
        </Entry>
        <Entry>
          <Name>Core 0-3</Name>
          <Value>0xF</Value>
        </Entry>
        <Entry>
          <Name>Core 0-7</Name>
          <Value>0xFF</Value>
        </Entry>
        <Entry>
          <Name>Core 0-15</Name>
          <Value>oxFFFF</Value>
        </Entry>
        <Entry>
          <Name>Core 0-23</Name>
          <Value>0xFFFFFF</Value>
        </Entry>
      </Menu>
    </Option>
  </TestSettings>
</PhoronixTestSuite>
