<?xml version="1.0"?>
<!--Phoronix Test Suite v6.8.0-->
<PhoronixTestSuite>
  <TestInformation>
    <Title>Hackbench</Title>
    <AppVersion>1.0</AppVersion>
    <Description>Hackbench is both a benchmark and a stress test for the Linux kernel scheduler. It's main job is to create a specified number of pairs of schedulable entities (either threads or traditional processes) which communicate via either sockets or pipes and time how long it takes for each pair to send data back and forth.</Description>
    <ResultScale>Seconds</ResultScale>
    <Proportion>LIB</Proportion>
    <SubTitle>Running in process mode with 20 groups using 100 file descriptors each (== 2000 tasks)</SubTitle>
    <TimesToRun>3</TimesToRun>
  </TestInformation>
  <TestProfile>
    <Version>1.0.0</Version>
    <SupportedPlatforms>Linux, Solaris, BSD, MacOSX</SupportedPlatforms>
    <SoftwareType>Utility</SoftwareType>
    <TestType>Processor</TestType>
    <License>Free</License>
    <Status>Verified</Status>
    <ExternalDependencies>build-utilities</ExternalDependencies>
    <EnvironmentSize>0.8</EnvironmentSize>
    <ProjectURL>https://launchpad.net/ubuntu/zesty/+package/rt-tests</ProjectURL>
    <InternalTags>SMP</InternalTags>
    <Maintainer>Jianshen Liu</Maintainer>
  </TestProfile>
</PhoronixTestSuite>
